2025-08-17 14:23:10,041 [INFO] Step-1: Folder created: uploads/2790a1cd-1d4b-44c3-a7f6-f784c0eb16d2
2025-08-17 14:23:10,045 [INFO] Using Python executable: venv/bin/python3
2025-08-17 14:23:10,045 [INFO] Step-2: File sent {'question.txt': 'uploads/2790a1cd-1d4b-44c3-a7f6-f784c0eb16d2/question.txt'}
2025-08-17 14:23:10,045 [INFO] ğŸ¤– Step-1: Getting scrap code and metadata from llm. Tries count = 0
2025-08-17 14:23:22,304 [INFO] ğŸ¤– Step-1: Successfully parsed response from LLM.
2025-08-17 14:23:22,305 [INFO] ğŸ’» Step-3: Entering loop
2025-08-17 14:23:22,305 [INFO] ğŸ’» Loop-1: Running LLM code.
2025-08-17 14:23:25,830 [INFO] âœ…ğŸ’» Loop-1: Code executed successfully.
2025-08-17 14:23:25,830 [INFO] ğŸ¤– Loop-1: Inside Loop LLM call.
2025-08-17 14:23:32,685 [INFO] ğŸ’» Loop-2: Running LLM code.
2025-08-17 14:23:48,316 [INFO] âœ…ğŸ’» Loop-2: Code executed successfully.
2025-08-17 14:23:48,316 [INFO] ğŸ¤– Loop-2: Inside Loop LLM call.
2025-08-17 14:24:15,080 [INFO] ğŸ’» Loop-3: Running LLM code.
2025-08-17 14:24:22,824 [ERROR] âŒğŸ’» Loop-3: Code execution failed: âŒ Execution error: /home/kas4453/kas/tds-project-2-data-analyst-agent/venv/lib/python3.13/site-packages/pandas/core/strings/object_array.py:205: FutureWarning: Possible nested set at position 3 pat = re.compile(pat, flags=flags) Traceback (most recent call last): File "pandas/_libs/lib.pyx", line 2407, in pandas._libs.lib.maybe_convert_numeric ValueError: Unable to parse string "24RK" During handling of the above exception, another exception occurred: Traceback (most recent call last): File "/home/kas4453/kas/tds-project-2-data-analyst-agent/uploads/2790a1cd-1d4b-44c3-a7f6-f784c0eb16d2/job_/script.py", line 21, in <module> df['Peak'] = pd.to_numeric(df['Peak']) ~~~~~~~~~~~~~^^^^^^^^^^^^ File "/home/kas4453/kas/tds-project-2-data-analyst-agent/venv/lib/python3.13/site-packages/pandas/core/tools/numeric.py", line 235, in to_numeric values, new_mask = lib.maybe_convert_numeric( # type: ignore[call-overload] ~~~~~~~~~~~~~~~~~~~~~~~~~^^^^^^^^^^^^^^^^^^^^^^^^^^^^^^^^ values, ^^^^^^^ ...<4 lines>... and values_dtype.na_value is libmissing.NA, ^^^^^^^^^^^^^^^^^^^^^^^^^^^^^^^^^^^^^^^^^^^ ) ^ File "pandas/_libs/lib.pyx", line 2449, in pandas._libs.lib.maybe_convert_numeric ValueError: Unable to parse string "24RK" at position 32
2025-08-17 14:24:22,825 [INFO] ğŸ¤– Loop-3: Inside Loop LLM call.
2025-08-17 14:24:48,825 [INFO] ğŸ’» Loop-4: Running LLM code.
2025-08-17 14:24:50,053 [ERROR] âŒğŸ’» Loop-4: Code execution failed: self._data.array._str_replace( pat, repl, n=n, case=case, flags=flags, regex=regex ) File "/home/kas4453/kas/tds-project-2-data-analyst-agent/venv/lib/python3.13/site-packages/pandas/core/strings/object_array.py", line 205, in _str_replace pat = re.compile(pat, flags=flags) File "/home/kas4453/miniconda3/lib/python3.13/re/__init__.py", line 289, in compile return _compile(pattern, flags) File "/home/kas4453/miniconda3/lib/python3.13/re/__init__.py", line 350, in _compile p = _compiler.compile(pattern, flags) File "/home/kas4453/miniconda3/lib/python3.13/re/_compiler.py", line 748, in compile p = _parser.parse(p, flags) File "/home/kas4453/miniconda3/lib/python3.13/re/_parser.py", line 980, in parse p = _parse_sub(source, state, flags & SRE_FLAG_VERBOSE, 0) File "/home/kas4453/miniconda3/lib/python3.13/re/_parser.py", line 459, in _parse_sub itemsappend(_parse(source, state, verbose, nested + 1, ~~~~~~^^^^^^^^^^^^^^^^^^^^^^^^^^^^^^^^^^^^ not nested and not items)) ^^^^^^^^^^^^^^^^^^^^^^^^^ File "/home/kas4453/miniconda3/lib/python3.13/re/_parser.py", line 567, in _parse raise source.error("unterminated character set", source.tell() - here) re.PatternError: unterminated character set at position 2
2025-08-17 14:24:50,053 [INFO] ğŸ¤– Loop-4: Inside Loop LLM call.
2025-08-17 14:25:19,208 [INFO] ğŸ’» Loop-5: Running LLM code.
2025-08-17 14:25:20,401 [INFO] âœ…ğŸ’» Loop-5: Code executed successfully.
2025-08-17 14:25:20,401 [INFO] âœ…ğŸ“ Loop-5: Found result files.
2025-08-17 14:25:20,402 [INFO] ğŸ¤– Loop-5: Checking result validity.
2025-08-17 14:26:05,121 [INFO] ğŸ’» Loop-5: Re-running code as per validation result.
2025-08-17 14:26:05,122 [INFO] ğŸ’» Loop-6: Running LLM code.
2025-08-17 14:26:07,307 [ERROR] âŒğŸ’» Loop-6: Code execution failed: self._data.array._str_replace( pat, repl, n=n, case=case, flags=flags, regex=regex ) File "/home/kas4453/kas/tds-project-2-data-analyst-agent/venv/lib/python3.13/site-packages/pandas/core/strings/object_array.py", line 205, in _str_replace pat = re.compile(pat, flags=flags) File "/home/kas4453/miniconda3/lib/python3.13/re/__init__.py", line 289, in compile return _compile(pattern, flags) File "/home/kas4453/miniconda3/lib/python3.13/re/__init__.py", line 350, in _compile p = _compiler.compile(pattern, flags) File "/home/kas4453/miniconda3/lib/python3.13/re/_compiler.py", line 748, in compile p = _parser.parse(p, flags) File "/home/kas4453/miniconda3/lib/python3.13/re/_parser.py", line 980, in parse p = _parse_sub(source, state, flags & SRE_FLAG_VERBOSE, 0) File "/home/kas4453/miniconda3/lib/python3.13/re/_parser.py", line 459, in _parse_sub itemsappend(_parse(source, state, verbose, nested + 1, ~~~~~~^^^^^^^^^^^^^^^^^^^^^^^^^^^^^^^^^^^^ not nested and not items)) ^^^^^^^^^^^^^^^^^^^^^^^^^ File "/home/kas4453/miniconda3/lib/python3.13/re/_parser.py", line 567, in _parse raise source.error("unterminated character set", source.tell() - here) re.PatternError: unterminated character set at position 2
2025-08-17 14:26:07,307 [INFO] âœ…ğŸ“ Loop-6: Found result files.
2025-08-17 14:26:07,307 [INFO] ğŸ¤– Loop-6: Checking result validity.
2025-08-17 14:26:55,579 [INFO] ğŸ’» Loop-6: Re-running code as per validation result.
2025-08-17 14:26:55,581 [INFO] ğŸ’» Loop-7: Running LLM code.
2025-08-17 14:26:56,891 [INFO] âœ…ğŸ’» Loop-7: Code executed successfully.
2025-08-17 14:26:56,891 [INFO] âœ…ğŸ“ Loop-7: Found result files.
2025-08-17 14:26:56,891 [INFO] ğŸ¤– Loop-7: Checking result validity.
2025-08-17 14:28:03,093 [INFO] ğŸ’» Loop-7: Re-running code as per validation result.
2025-08-17 14:28:03,094 [INFO] ğŸ’» Loop-8: Running LLM code.
2025-08-17 14:28:04,035 [INFO] âœ…ğŸ’» Loop-8: Code executed successfully.
2025-08-17 14:28:04,035 [INFO] âœ…ğŸ“ Loop-8: Found result files.
2025-08-17 14:28:04,035 [INFO] ğŸ¤– Loop-8: Checking result validity.
2025-08-17 14:29:11,264 [INFO] ğŸ’» Loop-8: Re-running code as per validation result.
2025-08-17 14:29:11,265 [INFO] ğŸ’» Loop-9: Running LLM code.
2025-08-17 14:29:12,171 [INFO] âœ…ğŸ’» Loop-9: Code executed successfully.
2025-08-17 14:29:12,171 [INFO] âœ…ğŸ“ Loop-9: Found result files.
2025-08-17 14:29:12,171 [INFO] ğŸ¤– Loop-9: Checking result validity.
2025-08-17 14:29:34,885 [INFO] âœ… Loop-9: Validation successful, no re-run needed.
2025-08-17 14:29:34,885 [INFO] ğŸ’» Step-6: Running final code.
2025-08-17 14:29:34,900 [INFO] ğŸ“ Step-7: Reading result.json
2025-08-17 14:29:34,901 [INFO] âœ…ğŸ“ Step-7: send result back
2025-08-17 14:29:34,901 [ERROR] âŒğŸ“ Step-7: Error occur while sending result: Out of range float values are not JSON compliant: nan
